
======== GPU REPORT ========

==============NVSMI LOG==============

Timestamp                           : Thu Aug 23 17:40:29 2018
Driver Version                      : 390.25

Attached GPUs                       : 2
GPU 00000000:05:00.0
    Accounting Mode                 : Enabled
    Accounting Mode Buffer Size     : 1920
    Accounted Processes
        Process ID                  : 4155
            GPU Utilization         : 0 %
            Memory Utilization      : 8 %
            Max memory usage        : 21 MiB
            Time                    : 0 ms
            Is Running              : 1

GPU 00000000:09:00.0
    Accounting Mode                 : Enabled
    Accounting Mode Buffer Size     : 1920
    Accounted Processes
        Process ID                  : 4155
            GPU Utilization         : 29 %
            Memory Utilization      : 13 %
            Max memory usage        : 0 MiB
            Time                    : 0 ms
            Is Running              : 1
        Process ID                  : 388
            GPU Utilization         : 29 %
            Memory Utilization      : 13 %
            Max memory usage        : 0 MiB
            Time                    : 0 ms
            Is Running              : 1

Thu Aug 23 17:40:29 2018       
+-----------------------------------------------------------------------------+
| NVIDIA-SMI 390.25                 Driver Version: 390.25                    |
|-------------------------------+----------------------+----------------------+
| GPU  Name        Persistence-M| Bus-Id        Disp.A | Volatile Uncorr. ECC |
| Fan  Temp  Perf  Pwr:Usage/Cap|         Memory-Usage | GPU-Util  Compute M. |
|===============================+======================+======================|
|   0  GeForce GTX 1050    Off  | 00000000:05:00.0  On |                  N/A |
| 30%   46C    P8    N/A /  75W |     39MiB /  1999MiB |      0%      Default |
+-------------------------------+----------------------+----------------------+
|   1  TITAN X (Pascal)    Off  | 00000000:09:00.0 Off |                  N/A |
| 25%   44C    P8    16W / 250W |      2MiB / 12196MiB |      0%      Default |
+-------------------------------+----------------------+----------------------+
                                                                               
+-----------------------------------------------------------------------------+
| Processes:                                                       GPU Memory |
|  GPU       PID   Type   Process name                             Usage      |
|=============================================================================|
|    0      4155      G   /usr/bin/X                                    37MiB |
+-----------------------------------------------------------------------------+
